android/build/outputs/logs/manifest-merger-debug-report.txt
-- Merging decision tree log ---
manifest
ADDED from tanks.io-client/android/AndroidManifest.xml:2:1-30:12
	xmlns:android
		ADDED from tanks.io-client/android/AndroidManifest.xml:2:11-69
	package
		ADDED from tanks.io-client/android/AndroidManifest.xml:3:11-49
	android:versionName
		ADDED from tanks.io-client/android/AndroidManifest.xml:5:11-36
		INJECTED from tanks.io-client/android/AndroidManifest.xml
		INJECTED from tanks.io-client/android/AndroidManifest.xml
	android:versionCode
		ADDED from tanks.io-client/android/AndroidManifest.xml:4:11-34
		INJECTED from tanks.io-client/android/AndroidManifest.xml
		INJECTED from tanks.io-client/android/AndroidManifest.xml
uses-permission#android.permission.INTERNET
ADDED from tanks.io-client/android/AndroidManifest.xml:6:5-66
	android:name
		ADDED from tanks.io-client/android/AndroidManifest.xml:6:22-64
uses-permission#android.permission.VIBRATE
ADDED from tanks.io-client/android/AndroidManifest.xml:7:5-65
	android:name
		ADDED from tanks.io-client/android/AndroidManifest.xml:7:22-63
uses-sdk
ADDED from tanks.io-client/android/AndroidManifest.xml:9:5-11:44
	android:targetSdkVersion
		ADDED from tanks.io-client/android/AndroidManifest.xml:11:13-42
	android:minSdkVersion
		ADDED from tanks.io-client/android/AndroidManifest.xml:10:13-38
application
ADDED from tanks.io-client/android/AndroidManifest.xml:13:5-28:19
	android:label
		ADDED from tanks.io-client/android/AndroidManifest.xml:16:13-45
	android:allowBackup
		ADDED from tanks.io-client/android/AndroidManifest.xml:14:13-39
	android:icon
		ADDED from tanks.io-client/android/AndroidManifest.xml:15:13-49
	android:theme
		ADDED from tanks.io-client/android/AndroidManifest.xml:17:13-44
activity#com.tanks.game.android.AndroidLauncher
ADDED from tanks.io-client/android/AndroidManifest.xml:18:9-27:20
	android:screenOrientation
		ADDED from tanks.io-client/android/AndroidManifest.xml:22:17-53
	android:label
		ADDED from tanks.io-client/android/AndroidManifest.xml:21:17-49
	android:configChanges
		ADDED from tanks.io-client/android/AndroidManifest.xml:20:17-87
	android:name
		ADDED from tanks.io-client/android/AndroidManifest.xml:19:17-70
intent-filter#android.intent.action.MAIN+android.intent.category.LAUNCHER
ADDED from tanks.io-client/android/AndroidManifest.xml:23:13-26:29
action#android.intent.action.MAIN
ADDED from tanks.io-client/android/AndroidManifest.xml:24:17-68
	android:name
		ADDED from tanks.io-client/android/AndroidManifest.xml:24:25-66
category#android.intent.category.LAUNCHER
ADDED from tanks.io-client/android/AndroidManifest.xml:25:17-76
	android:name
		ADDED from tanks.io-client/android/AndroidManifest.xml:25:27-74